Allegro Report
I:/Project-Micheal G4 Project/G4 Arena 9-18-2020/LED_12inArena, v5 7-42019 V4.brd
Mon Oct 05 13:47:27 2020

SYM_NAME,COMP_DEVICE_TYPE,COMP_VALUE,COMP_TOL,COMP_CLASS,QUANTITY,REFDES
1-32,TEST POINT_1-32_TEST POINT,TEST POINT,,IC,1,M9
8-32,TEST POINT_8-32_TEST POINT,TEST POINT,,IC,9,M1;M2;M3;M4;M5;M6;M7;M8;M10
1206,CAPACITOR POL_1206_10UF,10uF,,IC,13,C1;C45;C47;C49;C51;C53;C55;C57;C59;C61;C63;C65;C203
1206,CAPACITOR_1206_1UF/6.3/ELEC,1uF/6.3/Elec,,IC,1,C39
1206,CAPACITOR_1206_2.2UF/60/ELEC,2.2uF/60/Elec,,IC,2,C42;C207
1206,CAPACITOR_1206_10UF/6.3/ELEC,10uF/6.3/Elec,,IC,1,C204
DB68,CONN PLUG 34X2_1_DB68_CONN 34X2,CONN 34x2,,IC,1,J26
DD5,LT1764_DD5_LT1764,LT1764,,IC,1,U101
EIA0805,CAPACITOR NON-POL_EIA0805_0.1UF,0.1uF,,IC,145,C6;C46;C48;C50;C52;C54;C56;C58;C60;C62;C64;C66;C67;C68;C69;C70;C71;C72;C73;C74;C75;C76;C77;C78;C79;C80;C81;C82;C83;C84;C85;C86;C87;C88;C89;C90;C91;C92;C93;C94;C95;C96;C97;C98;C99;C100;C101;C102;C103;C104;C105;C106;C107;C108;C109;C110;C111;C112;C113;C114;C115;C116;C117;C118;C119;C120;C121;C122;C123;C124;C125;C126;C127;C128;C129;C130;C131;C132;C133;C134;C135;C136;C137;C138;C139;C140;C141;C142;C143;C144;C145;C146;C147;C148;C149;C150;C151;C152;C153;C154;C155;C156;C157;C158;C159;C160;C161;C162;C163;C164;C165;C166;C167;C168;C169;C170;C171;C172;C173;C174;C175;C176;C177;C178;C179;C180;C181;C182;C183;C184;C185;C186;C187;C188;C189;C190;C191;C192;C193;C194;C195;C196;C197;C198;C209
EIA0805,CAP NP_EIA0805_0.01UF/X5R,0.01uF/X5R,,IC,2,C43;C208
EIA0805,CAP NP_EIA0805_0.1UF/X5R,0.1uF/X5R,,IC,3,C44;C206;C210
EIA0805,CAP NP_EIA0805_0.001UF/X5R,0.001uF/X5R,,IC,1,C205
EIA0805,CAPACITOR NON-POL_EIA0805_1UF,1uF,,IC,2,C211;C212
EIA0805,RESISTOR_EIA0805_27,27,,IC,1,R63
EIA2512,BEADARR_4_EIA2512_FERRITE BEAD/,Ferrite Bead/5-15Ohm,,IC,1,L1
EIA2512,BEADARR_4_EIA2512_FERRITE BEA_1,Ferrite Bead/5-15Ohm/NP,,IC,1,L2
HDR-1X15,CONN RECT 15_10_HDR-1X15_CONN15,CONN15,,IC,12,J1;J2;J3;J4;J5;J6;J7;J8;J9;J10;J17;J19
LTM8046,MAX12931_8_LTM8046_LTM8046,LTM8046,,IC,1,U130
PJ102A,HEADER 3_PJ102A_CP-102A-ND,CP-102A-ND,,IC,1,J27
SOP16,MAX14930FASE+_0_SOP16_ISO7740,ISO7740,,IC,12,U1;U2;U3;U4;U5;U6;U7;U8;U9;U10;U11;U12
SOP16,MAX14930FASE+_1_SOP16_ISO7741/S,ISO7741/ssop16,,IC,1,U13
SOP16,MAX14930FASE+_1_SOP16_ISO7741,ISO7741,,IC,11,U14;U15;U16;U17;U18;U19;U20;U21;U22;U23;U24
SOT23-5,MAX12931_4_SOT23-5_SN74LV1T34/S,SN74LV1T34/SOT23,,IC,12,U25;U26;U27;U28;U29;U30;U31;U32;U33;U34;U35;U36
SOT23-5,SN65LVDS1_1_SOT23-5_SN65LVDS1,SN65LVDS1,,IC,24,U49;U51;U53;U55;U57;U59;U61;U63;U65;U67;U69;U71;U75;U77;U79;U81;U83;U85;U87;U89;U91;U93;U95;U97
SOT23-5,SN65LVDS2_1_SOT23-5_SN65LVDS2,SN65LVDS2,,IC,1,U50
SOT23-5,SN65LVDS2_4_SOT23-5_SN65LVDS2,SN65LVDS2,,IC,15,U52;U54;U56;U58;U60;U62;U64;U76;U78;U80;U82;U84;U86;U88;U90
SOT23-5,SN65LVDS2_2_SOT23-5_SN65LVDS2,SN65LVDS2,,IC,8,U66;U68;U70;U72;U92;U94;U96;U98
TSSOP24,SN7474LVC8T245_0_TSSOP24_SN74LV,SN74LVC8T245,,IC,12,U37;U38;U39;U40;U41;U42;U43;U44;U45;U46;U47;U48
