Allegro Report
I:/Project-Micheal G4 Project/G4 Arena 6-25-2019/LED_12inArena, 6-25-2019 V3.brd
Mon Oct 05 13:46:17 2020

SYM_NAME,COMP_DEVICE_TYPE,COMP_VALUE,COMP_TOL,COMP_CLASS,QUANTITY,REFDES
1-32,TEST POINT_1-32_TEST POINT,TEST POINT,,IC,1,M9
8-32,TEST POINT_8-32_TEST POINT,TEST POINT,,IC,8,M1;M2;M3;M4;M5;M6;M7;M8
0805,CAPACITOR NON-POL_0805_0.1UF,0.1uF,,IC,1,C7
1206,CAPACITOR POL_1206_10UF,10uF,,IC,13,C1;C2;C4;C8;C9;C11;C13;C15;C17;C20;C21;C23;C38
1206,CAPACITOR_1206_10UF/6.3/ELEC,10uF/6.3/Elec,,IC,1,C39
1206,CAPACITOR_1206_2.2UF/60/ELEC,2.2uF/60/Elec,,IC,1,C42
DD5,LT1764_DD5_LT1764,LT1764,,IC,1,U7
EIA0805,CAPACITOR NON-POL_EIA0805_0.1UF,0.1uF,,IC,24,C3;C5;C6;C10;C12;C14;C16;C18;C19;C22;C24;C25;C26;C27;C28;C29;C30;C31;C32;C33;C34;C35;C36;C37
EIA0805,CAP NP_EIA0805_0.001UF/X5R,0.001uF/X5R,,IC,1,C40
EIA0805,CAP NP_EIA0805_0.1UF/X5R,0.1uF/X5R,,IC,2,C41;C44
EIA0805,CAP NP_EIA0805_0.01UF/X5R,0.01uF/X5R,,IC,1,C43
EIA0805,RESISTOR_EIA0805_27,27,,IC,12,R1;R2;R3;R4;R5;R6;R7;R8;R9;R10;R11;R12
EIA0805,RESISTOR_EIA0805_200,200,,IC,2,R13;R17
EIA0805,RESISTOR_EIA0805_20K,20K,,IC,2,R14;R18
EIA0805,RESISTOR_EIA0805_4.7K,4.7K,,IC,34,R19;R20;R21;R22;R23;R24;R25;R26;R27;R28;R29;R30;R31;R32;R33;R34;R35;R36;R37;R38;R39;R40;R41;R42;R43;R44;R49;R50;R51;R52;R57;R58;R59;R60
EIA2512,BEADARR_4_EIA2512_FERRITE BEAD/,Ferrite Bead/5-15Ohm,,IC,3,L1;L2;L3
HDR-1X15,CONN RECT 15_7_HDR-1X15_CONN15,CONN15,,IC,24,J1;J2;J3;J4;J5;J6;J7;J8;J9;J10;J11;J12;J13;J14;J15;J16;J17;J18;J19;J20;J21;J22;J23;J24
PJ102A,HEADER 3_PJ102A_CP-102A-ND,CP-102A-ND,,IC,1,J26
SMV_2X20,HEADER 34X2_1_SMV_2X20_A35051-N,"A35051-ND (68pin, 1.27mm pitch, Through hold, A113405-ND)",,IC,1,J25
SOT-23,MTD4P06_SOT-23_MTD4P06,MTD4P06,,IC,2,Q1;Q3
SSOP16,RESNW_IS_8_SSOP16_20,20,,IC,6,RN1;RN2;RN3;RN4;RN5;RN6
TSSOP24,SN7474LVC8T245_TSSOP24_SN74LVC8,SN74LVC8T245,,IC,6,U1;U2;U3;U4;U5;U6
