2023-06-11 18:10:30.212 [main] INFO  Freerouting v1.7.0 (build-date: 2023-02-08)
2023-06-11 18:10:30.214 [main] DEBUG  Version: 1.7.0,2023-02-08
2023-06-11 18:10:30.216 [main] DEBUG  Command line arguments: '-h'
2023-06-11 18:10:30.217 [main] DEBUG  Architecture: Linux,amd64,5.15.0-72-generic
2023-06-11 18:10:30.218 [main] DEBUG  Java: 17.0.6,Eclipse Adoptium
2023-06-11 18:10:30.219 [main] DEBUG  System Language: en,en_US
2023-06-11 18:10:30.221 [main] DEBUG  Hardware: 4 CPU cores,3914 MB RAM
2023-06-11 18:10:30.232 [main] DEBUG  UTC Time: 2023-06-12T01:10:30.221856476Z
2023-06-11 18:10:30.235 [main] DEBUG  GUI Language: en_US
2023-06-11 18:11:34.944 [main] INFO  Freerouting v1.7.0 (build-date: 2023-02-08)
2023-06-11 18:11:34.947 [main] DEBUG  Version: 1.7.0,2023-02-08
2023-06-11 18:11:34.949 [main] DEBUG  Command line arguments: '-de arena.dsn -us global'
2023-06-11 18:11:34.950 [main] DEBUG  Architecture: Linux,amd64,5.15.0-72-generic
2023-06-11 18:11:34.951 [main] DEBUG  Java: 17.0.6,Eclipse Adoptium
2023-06-11 18:11:34.951 [main] DEBUG  System Language: en,en_US
2023-06-11 18:11:34.954 [main] DEBUG  Hardware: 4 CPU cores,3914 MB RAM
2023-06-11 18:11:34.969 [main] DEBUG  UTC Time: 2023-06-12T01:11:34.954614769Z
2023-06-11 18:11:34.972 [main] DEBUG  GUI Language: en_US
2023-06-11 18:11:34.978 [main] INFO  Opening 'arena.dsn'...
2023-06-11 18:11:36.251 [main] INFO  Opening 'arena.rules'...
2023-06-11 18:11:36.252 [main] ERROR File 'arena.rules' was not found.
2023-06-11 18:11:36.534 [main] TRACE Method 'MainApplication.main()' was performed in 1.70 seconds.
2023-06-11 18:11:38.577 [Thread-0] INFO  Starting auto-routing...
2023-06-11 18:12:02.383 [Thread-0] TRACE Method 'BatchAutorouter.autoroute_pass #1 on board '36141f4e9f83977ffa5ddec2ab731128' making 170 changes' was performed in 23.68 seconds.
2023-06-11 18:12:06.130 [Thread-0] TRACE Method 'BatchAutorouter.autoroute_pass #2 on board '99cbfacd30d6e1a169a436dbdfbcca71' making 92 changes' was performed in 3.72 seconds.
2023-06-11 18:12:08.852 [Thread-0] TRACE Method 'BatchAutorouter.autoroute_pass #3 on board 'f7617d75075731d85001718bbb649c10' making 21 changes' was performed in 2.70 seconds.
2023-06-11 18:12:09.342 [Thread-0] TRACE Method 'BatchAutorouter.autoroute_pass #4 on board '09c009b616a3a09b29cd56377cea0c15' making 7 changes' was performed in 0.47 seconds.
2023-06-11 18:12:09.374 [Thread-0] TRACE Method 'BatchAutorouter.autoroute_pass #5 on board '87b7136ace8fc1b8a76cbf300f19c60e' making 0 changes' was performed in 0.01 seconds.
2023-06-11 18:12:09.375 [Thread-0] TRACE Method 'BatchAutorouterThread.thread_action()-autorouting' was performed in 30.80 seconds.
2023-06-11 18:12:09.376 [Thread-0] INFO  Auto-routing was completed in 30.80 seconds.
2023-06-11 18:12:09.376 [Thread-0] INFO  Starting route optimization on 1 thread...
2023-06-11 18:13:02.336 [Thread-0] TRACE Method 'BatchOptRoute.opt_route_pass #1 with 64 vias and 6,239,012.15 trace length.' was performed in 52.95 seconds.
2023-06-11 18:13:40.036 [Thread-0] TRACE Method 'BatchOptRoute.opt_route_pass #2 with 58 vias and 6,180,953.16 trace length.' was performed in 37.70 seconds.
2023-06-11 18:14:51.379 [Thread-0] TRACE Method 'BatchOptRoute.opt_route_pass #3 with 45 vias and 6,162,129.34 trace length.' was performed in 1 minute(s) 11.34 seconds.
2023-06-11 18:15:40.959 [Thread-0] TRACE Method 'BatchOptRoute.opt_route_pass #4 with 43 vias and 6,208,723.98 trace length.' was performed in 49.58 seconds.
2023-06-11 18:16:28.652 [Thread-0] TRACE Method 'BatchOptRoute.opt_route_pass #5 with 41 vias and 6,198,998.71 trace length.' was performed in 47.69 seconds.
2023-06-11 18:17:07.048 [Thread-0] TRACE Method 'BatchOptRoute.opt_route_pass #6 with 40 vias and 6,221,539.94 trace length.' was performed in 38.40 seconds.
2023-06-11 18:18:08.777 [Thread-0] TRACE Method 'BatchOptRoute.opt_route_pass #7 with 38 vias and 6,232,281.51 trace length.' was performed in 1 minute(s) 1.73 seconds.
2023-06-11 18:19:15.784 [Thread-0] TRACE Method 'BatchOptRoute.opt_route_pass #8 with 38 vias and 6,222,766.39 trace length.' was performed in 1 minute(s) 7.01 seconds.
2023-06-11 18:20:12.234 [Thread-0] TRACE Method 'BatchOptRoute.opt_route_pass #9 with 35 vias and 6,220,201.79 trace length.' was performed in 56.45 seconds.
2023-06-11 18:20:41.323 [Thread-0] TRACE Method 'BatchOptRoute.opt_route_pass #10 with 34 vias and 6,221,995.39 trace length.' was performed in 29.09 seconds.
2023-06-11 18:21:20.237 [Thread-0] TRACE Method 'BatchOptRoute.opt_route_pass #11 with 33 vias and 6,229,762.36 trace length.' was performed in 38.91 seconds.
2023-06-11 18:21:49.829 [Thread-0] TRACE Method 'BatchOptRoute.opt_route_pass #12 with 33 vias and 6,229,561.00 trace length.' was performed in 29.59 seconds.
2023-06-11 18:22:40.976 [Thread-0] TRACE Method 'BatchOptRoute.opt_route_pass #13 with 33 vias and 6,228,125.83 trace length.' was performed in 51.15 seconds.
2023-06-11 18:23:31.211 [Thread-0] TRACE Method 'BatchOptRoute.opt_route_pass #14 with 33 vias and 6,228,125.83 trace length.' was performed in 50.23 seconds.
2023-06-11 18:24:28.149 [Thread-0] TRACE Method 'BatchOptRoute.opt_route_pass #15 with 33 vias and 6,222,509.99 trace length.' was performed in 56.94 seconds.
2023-06-11 18:25:13.066 [Thread-0] TRACE Method 'BatchOptRoute.opt_route_pass #16 with 33 vias and 6,222,239.19 trace length.' was performed in 44.91 seconds.
2023-06-11 18:26:02.509 [Thread-0] TRACE Method 'BatchOptRoute.opt_route_pass #17 with 32 vias and 6,163,617.64 trace length.' was performed in 49.44 seconds.
2023-06-11 18:26:46.801 [Thread-0] TRACE Method 'BatchOptRoute.opt_route_pass #18 with 32 vias and 6,162,071.78 trace length.' was performed in 44.29 seconds.
2023-06-11 18:27:50.579 [Thread-0] TRACE Method 'BatchOptRoute.opt_route_pass #19 with 32 vias and 6,157,223.25 trace length.' was performed in 1 minute(s) 3.78 seconds.
2023-06-11 18:27:50.580 [Thread-0] TRACE Method 'BatchAutorouterThread.thread_action()-routeoptimization' was performed in 15 minute(s) 41.20 seconds.
2023-06-11 18:27:50.581 [Thread-0] INFO  Route optimization was completed in 15 minute(s) 41.20 seconds and it improved the design by ~50.66%.
2023-06-11 18:27:50.600 [Thread-0] TRACE Method 'BatchAutorouterThread.thread_action()' was performed in 16 minute(s) 12.02 seconds.
2023-06-11 18:41:22.200 [AWT-EventQueue-0] INFO  Saving 'arena.ses'...
