Allegro Report
I:/Project-Micheal G4 Project/G4 Arean 8-15-2019/LED_12inArena, vC 7-42019 V4.brd
Mon Oct 05 13:42:46 2020

SYM_NAME,COMP_DEVICE_TYPE,COMP_VALUE,COMP_TOL,COMP_CLASS,QUANTITY,REFDES
1-32,TEST POINT_1-32_TEST POINT,TEST POINT,,IC,1,M9
8-32,TEST POINT_8-32_TEST POINT,TEST POINT,,IC,11,M1;M2;M3;M4;M5;M6;M7;M8;M10;M11;M12
90-0096,MAX12931_90-0096_MAX12930CASA+,MAX12930CASA+,,IC,12,U8;U86;U90;U94;U98;U102;U106;U110;U114;U118;U122;U126
90-0442,MAX14930FASE+_90-0442_MAX14930F,MAX14930FASE+,,IC,36,U80;U81;U82;U83;U84;U85;U87;U88;U89;U91;U92;U93;U95;U96;U97;U99;U100;U101;U103;U104;U105;U107;U108;U109;U111;U112;U113;U115;U116;U117;U119;U120;U121;U123;U124;U125
1206,CAPACITOR POL_1206_10UF,10uF,,IC,12,C1;C45;C47;C49;C51;C53;C55;C57;C59;C61;C63;C65
1206,CAPACITOR_1206_10UF/6.3/ELEC,10uF/6.3/Elec,,IC,1,C39
1206,CAPACITOR_1206_2.2UF/60/ELEC,2.2uF/60/Elec,,IC,1,C42
AL_CAP_D,CAPACITOR POL_AL_CAP_D_10UF,10uF,,IC,1,C38
EIA0805,CAPACITOR NON-POL_EIA0805_0.1UF,0.1uF,,IC,148,C6;C37;C46;C48;C50;C52;C54;C56;C58;C60;C62;C64;C66;C67;C68;C69;C70;C71;C72;C73;C74;C75;C76;C77;C78;C79;C80;C81;C82;C83;C84;C85;C86;C87;C88;C89;C90;C91;C92;C93;C94;C95;C96;C97;C98;C99;C100;C101;C102;C103;C104;C105;C106;C107;C108;C109;C110;C111;C112;C113;C114;C115;C116;C117;C118;C119;C120;C121;C122;C123;C124;C125;C126;C127;C128;C129;C130;C131;C132;C133;C134;C135;C136;C137;C138;C139;C140;C141;C142;C143;C144;C145;C146;C147;C148;C149;C150;C151;C152;C153;C154;C155;C156;C157;C158;C159;C160;C161;C162;C163;C164;C165;C166;C167;C168;C169;C170;C171;C172;C173;C174;C175;C176;C177;C178;C179;C180;C181;C182;C183;C184;C185;C186;C187;C188;C189;C190;C191;C192;C193;C194;C195;C196;C197;C198;C199;C200;C201
EIA0805,CAP NP_EIA0805_0.001UF/X5R,0.001uF/X5R,,IC,1,C40
EIA0805,CAP NP_EIA0805_0.1UF/X5R,0.1uF/X5R,,IC,2,C41;C44
EIA0805,CAP NP_EIA0805_0.01UF/X5R,0.01uF/X5R,,IC,1,C43
EIA0805,RESISTOR_EIA0805_27,27,,IC,47,R1;R2;R3;R4;R6;R8;R9;R10;R11;R12;R61;R62;R63;R64;R65;R66;R67;R68;R69;R70;R71;R72;R73;R74;R75;R76;R77;R78;R79;R80;R81;R82;R83;R84;R85;R86;R87;R88;R89;R90;R91;R92;R93;R94;R95;R96;R97
EIA2512,BEADARR_4_EIA2512_FERRITE BEAD/,Ferrite Bead/5-15Ohm,,IC,1,L4
EQ0512S3V3,MAX12931_2_EQ0512S3V3_EQ0512S3V,EQ0512S3V3,,IC,1,U130
HDR-1X15,CONN RECT 15_8_HDR-1X15_CONN15,CONN15,,IC,12,J1;J2;J3;J4;J5;J6;J7;J8;J9;J10;J17;J19
SMV_2X20,HEADER 34X2_1_SMV_2X20_A35051-N,"A35051-ND (68pin, 1.27mm pitch, Through hold, A113405-ND)",,IC,1,J25
SOIC8,MAX12931_0_SOIC8_NB3N551DG,NB3N551DG,,IC,3,U127;U128;U129
