2023-06-11 22:53:44.572 [main] INFO  Freerouting v1.7.0 (build-date: 2023-02-08)
2023-06-11 22:53:44.575 [main] DEBUG  Version: 1.7.0,2023-02-08
2023-06-11 22:53:44.577 [main] DEBUG  Command line arguments: '-de arena.dsn -us global'
2023-06-11 22:53:44.578 [main] DEBUG  Architecture: Linux,amd64,5.15.0-72-generic
2023-06-11 22:53:44.578 [main] DEBUG  Java: 17.0.6,Eclipse Adoptium
2023-06-11 22:53:44.579 [main] DEBUG  System Language: en,en_US
2023-06-11 22:53:44.581 [main] DEBUG  Hardware: 4 CPU cores,3914 MB RAM
2023-06-11 22:53:44.599 [main] DEBUG  UTC Time: 2023-06-12T05:53:44.582320060Z
2023-06-11 22:53:44.602 [main] DEBUG  GUI Language: en_US
2023-06-11 22:53:44.607 [main] INFO  Opening 'arena.dsn'...
2023-06-11 22:53:45.803 [main] INFO  Opening 'arena.rules'...
2023-06-11 22:53:45.804 [main] ERROR File 'arena.rules' was not found.
2023-06-11 22:53:46.288 [main] TRACE Method 'MainApplication.main()' was performed in 1.83 seconds.
2023-06-11 22:53:48.723 [Thread-0] INFO  Starting auto-routing...
2023-06-11 22:53:57.042 [Thread-0] TRACE Method 'BatchAutorouter.autoroute_pass #1 on board '9745c3c229108c8410fba10bcaf02da1' making 221 changes' was performed in 8.19 seconds.
2023-06-11 22:53:57.600 [Thread-0] TRACE Method 'BatchAutorouter.autoroute_pass #2 on board '6d3eb68bbaba47b43c3ba61e57bc7a15' making 16 changes' was performed in 0.53 seconds.
2023-06-11 22:53:57.644 [Thread-0] TRACE Method 'BatchAutorouter.autoroute_pass #3 on board 'e5f678d909ca414fdc6c1d8f18e649aa' making 0 changes' was performed in 0.01 seconds.
2023-06-11 22:53:57.645 [Thread-0] TRACE Method 'BatchAutorouterThread.thread_action()-autorouting' was performed in 8.92 seconds.
2023-06-11 22:53:57.646 [Thread-0] INFO  Auto-routing was completed in 8.92 seconds.
2023-06-11 22:53:57.646 [Thread-0] INFO  Starting route optimization on 1 thread...
2023-06-11 22:55:57.956 [main] INFO  Freerouting v1.7.0 (build-date: 2023-02-08)
2023-06-11 22:55:57.958 [main] DEBUG  Version: 1.7.0,2023-02-08
2023-06-11 22:55:57.960 [main] DEBUG  Command line arguments: '-de arena.dsn -us global'
2023-06-11 22:55:57.962 [main] DEBUG  Architecture: Linux,amd64,5.15.0-72-generic
2023-06-11 22:55:57.962 [main] DEBUG  Java: 17.0.6,Eclipse Adoptium
2023-06-11 22:55:57.963 [main] DEBUG  System Language: en,en_US
2023-06-11 22:55:57.966 [main] DEBUG  Hardware: 4 CPU cores,3914 MB RAM
2023-06-11 22:55:57.979 [main] DEBUG  UTC Time: 2023-06-12T05:55:57.966698920Z
2023-06-11 22:55:57.984 [main] DEBUG  GUI Language: en_US
2023-06-11 22:55:57.990 [main] INFO  Opening 'arena.dsn'...
2023-06-11 22:55:59.238 [main] INFO  Opening 'arena.rules'...
2023-06-11 22:55:59.238 [main] ERROR File 'arena.rules' was not found.
2023-06-11 22:55:59.696 [main] TRACE Method 'MainApplication.main()' was performed in 1.85 seconds.
2023-06-11 22:56:01.693 [Thread-0] INFO  Starting auto-routing...
2023-06-11 22:56:18.645 [Thread-0] TRACE Method 'BatchAutorouter.autoroute_pass #1 on board '61b5883cbebcd9b5be83a5561bbcc8c1' making 163 changes' was performed in 16.81 seconds.
2023-06-11 22:56:20.039 [Thread-0] TRACE Method 'BatchAutorouter.autoroute_pass #2 on board '57cbaecd4137fa27f64961ed278ac8c0' making 63 changes' was performed in 1.37 seconds.
2023-06-11 22:56:20.365 [Thread-0] TRACE Method 'BatchAutorouter.autoroute_pass #3 on board 'a2280432feef23776446ebeed841c702' making 14 changes' was performed in 0.30 seconds.
2023-06-11 22:56:20.634 [Thread-0] TRACE Method 'BatchAutorouter.autoroute_pass #4 on board '83481ab918cd9fdbf1e3dc9a683fc0f4' making 13 changes' was performed in 0.25 seconds.
2023-06-11 22:56:20.823 [Thread-0] TRACE Method 'BatchAutorouter.autoroute_pass #5 on board '62700f069dba8b48038168494bfe3d81' making 7 changes' was performed in 0.17 seconds.
2023-06-11 22:56:21.064 [Thread-0] TRACE Method 'BatchAutorouter.autoroute_pass #6 on board 'b57ea35cee28440a22ae3248fc9b3aec' making 4 changes' was performed in 0.22 seconds.
2023-06-11 22:56:21.096 [Thread-0] TRACE Method 'BatchAutorouter.autoroute_pass #7 on board '14b9730d827e4f4b2c3619ff28f26b96' making 0 changes' was performed in 0.01 seconds.
2023-06-11 22:56:21.097 [Thread-0] TRACE Method 'BatchAutorouterThread.thread_action()-autorouting' was performed in 19.40 seconds.
2023-06-11 22:56:21.098 [Thread-0] INFO  Auto-routing was completed in 19.40 seconds.
2023-06-11 22:56:21.098 [Thread-0] INFO  Starting route optimization on 1 thread...
2023-06-11 22:56:52.578 [Thread-0] TRACE Method 'BatchOptRoute.opt_route_pass #1 with 33 vias and 6,024,526.80 trace length.' was performed in 31.47 seconds.
2023-06-11 22:57:21.991 [Thread-0] TRACE Method 'BatchOptRoute.opt_route_pass #2 with 24 vias and 6,004,924.73 trace length.' was performed in 29.41 seconds.
2023-06-11 22:57:49.434 [Thread-0] TRACE Method 'BatchOptRoute.opt_route_pass #3 with 19 vias and 6,006,946.33 trace length.' was performed in 27.44 seconds.
2023-06-11 22:58:12.628 [Thread-0] TRACE Method 'BatchOptRoute.opt_route_pass #4 with 19 vias and 6,006,252.58 trace length.' was performed in 23.19 seconds.
2023-06-11 22:58:38.692 [Thread-0] TRACE Method 'BatchOptRoute.opt_route_pass #5 with 19 vias and 6,004,442.22 trace length.' was performed in 26.06 seconds.
2023-06-11 22:59:01.266 [Thread-0] TRACE Method 'BatchOptRoute.opt_route_pass #6 with 19 vias and 6,004,213.75 trace length.' was performed in 22.57 seconds.
2023-06-11 22:59:01.267 [Thread-0] TRACE Method 'BatchAutorouterThread.thread_action()-routeoptimization' was performed in 2 minute(s) 40.17 seconds.
2023-06-11 22:59:01.268 [Thread-0] INFO  Route optimization was completed in 2 minute(s) 40.17 seconds and it improved the design by ~50.17%.
2023-06-11 22:59:01.287 [Thread-0] TRACE Method 'BatchAutorouterThread.thread_action()' was performed in 2 minute(s) 59.59 seconds.
2023-06-11 23:00:07.452 [AWT-EventQueue-0] INFO  Saving 'arena.ses'...
