2023-06-11 21:31:57.809 [main] INFO  Freerouting v1.7.0 (build-date: 2023-02-08)
2023-06-11 21:31:57.812 [main] DEBUG  Version: 1.7.0,2023-02-08
2023-06-11 21:31:57.814 [main] DEBUG  Command line arguments: ''
2023-06-11 21:31:57.815 [main] DEBUG  Architecture: Linux,amd64,5.15.0-72-generic
2023-06-11 21:31:57.815 [main] DEBUG  Java: 17.0.6,Eclipse Adoptium
2023-06-11 21:31:57.816 [main] DEBUG  System Language: en,en_US
2023-06-11 21:31:57.819 [main] DEBUG  Hardware: 4 CPU cores,3914 MB RAM
2023-06-11 21:31:57.831 [main] DEBUG  UTC Time: 2023-06-12T04:31:57.819510586Z
2023-06-11 21:31:57.835 [main] DEBUG  GUI Language: en_US
2023-06-11 21:31:58.056 [main] TRACE Method 'MainApplication.main()' was performed in 0.36 seconds.
2023-06-11 21:32:09.573 [main] INFO  Freerouting v1.7.0 (build-date: 2023-02-08)
2023-06-11 21:32:09.576 [main] DEBUG  Version: 1.7.0,2023-02-08
2023-06-11 21:32:09.578 [main] DEBUG  Command line arguments: '--help'
2023-06-11 21:32:09.579 [main] DEBUG  Architecture: Linux,amd64,5.15.0-72-generic
2023-06-11 21:32:09.580 [main] DEBUG  Java: 17.0.6,Eclipse Adoptium
2023-06-11 21:32:09.580 [main] DEBUG  System Language: en,en_US
2023-06-11 21:32:09.583 [main] DEBUG  Hardware: 4 CPU cores,3914 MB RAM
2023-06-11 21:32:09.598 [main] DEBUG  UTC Time: 2023-06-12T04:32:09.583403219Z
2023-06-11 21:32:09.601 [main] DEBUG  GUI Language: en_US
2023-06-11 21:32:09.833 [main] TRACE Method 'MainApplication.main()' was performed in 0.36 seconds.
2023-06-11 21:32:15.632 [main] INFO  Freerouting v1.7.0 (build-date: 2023-02-08)
2023-06-11 21:32:15.634 [main] DEBUG  Version: 1.7.0,2023-02-08
2023-06-11 21:32:15.636 [main] DEBUG  Command line arguments: '-h'
2023-06-11 21:32:15.637 [main] DEBUG  Architecture: Linux,amd64,5.15.0-72-generic
2023-06-11 21:32:15.637 [main] DEBUG  Java: 17.0.6,Eclipse Adoptium
2023-06-11 21:32:15.638 [main] DEBUG  System Language: en,en_US
2023-06-11 21:32:15.640 [main] DEBUG  Hardware: 4 CPU cores,3914 MB RAM
2023-06-11 21:32:15.655 [main] DEBUG  UTC Time: 2023-06-12T04:32:15.641131399Z
2023-06-11 21:32:15.657 [main] DEBUG  GUI Language: en_US
2023-06-11 21:32:31.707 [main] INFO  Freerouting v1.7.0 (build-date: 2023-02-08)
2023-06-11 21:32:31.710 [main] DEBUG  Version: 1.7.0,2023-02-08
2023-06-11 21:32:31.711 [main] DEBUG  Command line arguments: '-de arena.dsn -us global'
2023-06-11 21:32:31.712 [main] DEBUG  Architecture: Linux,amd64,5.15.0-72-generic
2023-06-11 21:32:31.713 [main] DEBUG  Java: 17.0.6,Eclipse Adoptium
2023-06-11 21:32:31.713 [main] DEBUG  System Language: en,en_US
2023-06-11 21:32:31.716 [main] DEBUG  Hardware: 4 CPU cores,3914 MB RAM
2023-06-11 21:32:31.731 [main] DEBUG  UTC Time: 2023-06-12T04:32:31.716562610Z
2023-06-11 21:32:31.734 [main] DEBUG  GUI Language: en_US
2023-06-11 21:32:31.740 [main] INFO  Opening 'arena.dsn'...
2023-06-11 21:32:33.018 [main] INFO  Opening 'arena.rules'...
2023-06-11 21:32:33.026 [main] ERROR File 'arena.rules' was not found.
2023-06-11 21:32:33.498 [main] TRACE Method 'MainApplication.main()' was performed in 1.90 seconds.
2023-06-11 21:32:35.725 [Thread-0] INFO  Starting auto-routing...
2023-06-11 21:32:59.613 [Thread-0] TRACE Method 'BatchAutorouter.autoroute_pass #1 on board '6db46ba4d599c79e71d125e20ba370ea' making 144 changes' was performed in 23.75 seconds.
2023-06-11 21:33:02.694 [Thread-0] TRACE Method 'BatchAutorouter.autoroute_pass #2 on board '5a65b756eb71440623b6221e7b970334' making 65 changes' was performed in 3.06 seconds.
2023-06-11 21:33:03.205 [Thread-0] TRACE Method 'BatchAutorouter.autoroute_pass #3 on board '81db35bacf030921f9622fa261d30591' making 9 changes' was performed in 0.49 seconds.
2023-06-11 21:33:03.239 [Thread-0] TRACE Method 'BatchAutorouter.autoroute_pass #4 on board '897de48d6a7c6b25e36e9e5ccbb6c785' making 0 changes' was performed in 0.01 seconds.
2023-06-11 21:33:03.239 [Thread-0] TRACE Method 'BatchAutorouterThread.thread_action()-autorouting' was performed in 27.51 seconds.
2023-06-11 21:33:03.240 [Thread-0] INFO  Auto-routing was completed in 27.51 seconds.
2023-06-11 21:33:03.240 [Thread-0] INFO  Starting route optimization on 1 thread...
2023-06-11 21:33:39.618 [Thread-0] TRACE Method 'BatchOptRoute.opt_route_pass #1 with 35 vias and 7,127,813.02 trace length.' was performed in 36.37 seconds.
2023-06-11 21:34:09.388 [Thread-0] TRACE Method 'BatchOptRoute.opt_route_pass #2 with 28 vias and 7,111,391.56 trace length.' was performed in 29.77 seconds.
2023-06-11 21:34:38.470 [Thread-0] TRACE Method 'BatchOptRoute.opt_route_pass #3 with 23 vias and 7,091,511.26 trace length.' was performed in 29.08 seconds.
2023-06-11 21:35:05.898 [Thread-0] TRACE Method 'BatchOptRoute.opt_route_pass #4 with 22 vias and 7,084,038.19 trace length.' was performed in 27.43 seconds.
2023-06-11 21:35:34.241 [Thread-0] TRACE Method 'BatchOptRoute.opt_route_pass #5 with 22 vias and 7,078,508.74 trace length.' was performed in 28.34 seconds.
2023-06-11 21:36:02.021 [Thread-0] TRACE Method 'BatchOptRoute.opt_route_pass #6 with 22 vias and 7,073,199.79 trace length.' was performed in 27.78 seconds.
2023-06-11 21:36:30.614 [Thread-0] TRACE Method 'BatchOptRoute.opt_route_pass #7 with 22 vias and 7,070,086.66 trace length.' was performed in 28.59 seconds.
2023-06-11 21:36:58.804 [Thread-0] TRACE Method 'BatchOptRoute.opt_route_pass #8 with 22 vias and 7,069,881.71 trace length.' was performed in 28.19 seconds.
2023-06-11 21:37:27.236 [Thread-0] TRACE Method 'BatchOptRoute.opt_route_pass #9 with 22 vias and 7,069,231.39 trace length.' was performed in 28.43 seconds.
2023-06-11 21:38:02.151 [Thread-0] TRACE Method 'BatchOptRoute.opt_route_pass #10 with 22 vias and 7,069,231.39 trace length.' was performed in 34.91 seconds.
2023-06-11 21:38:43.500 [Thread-0] TRACE Method 'BatchOptRoute.opt_route_pass #11 with 21 vias and 7,047,732.89 trace length.' was performed in 41.35 seconds.
2023-06-11 21:39:19.989 [Thread-0] TRACE Method 'BatchOptRoute.opt_route_pass #12 with 21 vias and 7,045,976.46 trace length.' was performed in 36.49 seconds.
2023-06-11 21:40:02.390 [Thread-0] TRACE Method 'BatchOptRoute.opt_route_pass #13 with 20 vias and 7,032,313.38 trace length.' was performed in 42.40 seconds.
2023-06-11 21:40:38.342 [Thread-0] TRACE Method 'BatchOptRoute.opt_route_pass #14 with 20 vias and 7,025,341.77 trace length.' was performed in 35.95 seconds.
2023-06-11 21:41:20.854 [Thread-0] TRACE Method 'BatchOptRoute.opt_route_pass #15 with 20 vias and 7,018,995.82 trace length.' was performed in 42.51 seconds.
2023-06-11 21:41:56.480 [Thread-0] TRACE Method 'BatchOptRoute.opt_route_pass #16 with 20 vias and 7,018,320.26 trace length.' was performed in 35.62 seconds.
2023-06-11 21:42:42.276 [Thread-0] TRACE Method 'BatchOptRoute.opt_route_pass #17 with 19 vias and 7,020,083.18 trace length.' was performed in 45.80 seconds.
2023-06-11 21:43:19.983 [Thread-0] TRACE Method 'BatchOptRoute.opt_route_pass #18 with 19 vias and 7,019,931.07 trace length.' was performed in 37.70 seconds.
2023-06-11 21:43:19.985 [Thread-0] TRACE Method 'BatchAutorouterThread.thread_action()-routeoptimization' was performed in 10 minute(s) 16.74 seconds.
2023-06-11 21:43:19.986 [Thread-0] INFO  Route optimization was completed in 10 minute(s) 16.74 seconds and it improved the design by ~50.76%.
2023-06-11 21:43:20.008 [Thread-0] TRACE Method 'BatchAutorouterThread.thread_action()' was performed in 10 minute(s) 44.28 seconds.
2023-06-11 21:44:11.553 [AWT-EventQueue-0] INFO  Saving 'arena.ses'...
